<?xml version="1.0" encoding="UTF-8"?>
<testng-results skipped="0" failed="1" ignored="0" total="5" passed="4">
  <reporter-output>
  </reporter-output>
  <suite name="Suite" duration-ms="49959" started-at="2020-04-22T17:45:15 IST" finished-at="2020-04-22T17:46:05 IST">
    <groups>
    </groups>
    <test name="Validating User Login" duration-ms="30721" started-at="2020-04-22T17:45:15 IST" finished-at="2020-04-22T17:45:46 IST">
      <class name="academy.LoginPageTest">
        <test-method status="PASS" signature="LaunchURL()[pri:0, instance:academy.LoginPageTest@76f2b07d]" name="LaunchURL" is-config="true" duration-ms="9227" started-at="2020-04-22T17:45:15 IST" finished-at="2020-04-22T17:45:24 IST">
          <reporter-output>
          </reporter-output>
        </test-method> <!-- LaunchURL -->
        <test-method status="PASS" signature="loginPageNavigation()[pri:0, instance:academy.LoginPageTest@76f2b07d]" name="loginPageNavigation" duration-ms="10284" started-at="2020-04-22T17:45:24 IST" finished-at="2020-04-22T17:45:35 IST">
          <reporter-output>
          </reporter-output>
        </test-method> <!-- loginPageNavigation -->
        <test-method status="PASS" signature="login()[pri:0, instance:academy.LoginPageTest@76f2b07d]" name="login" duration-ms="10929" started-at="2020-04-22T17:45:35 IST" depends-on-methods="academy.LoginPageTest.loginPageNavigation" finished-at="2020-04-22T17:45:46 IST">
          <reporter-output>
          </reporter-output>
        </test-method> <!-- login -->
        <test-method status="PASS" signature="tearDown()[pri:0, instance:academy.LoginPageTest@76f2b07d]" name="tearDown" is-config="true" duration-ms="186" started-at="2020-04-22T17:45:46 IST" finished-at="2020-04-22T17:45:46 IST">
          <reporter-output>
          </reporter-output>
        </test-method> <!-- tearDown -->
      </class> <!-- academy.LoginPageTest -->
    </test> <!-- Validating User Login -->
    <test name="Validating Navigation Bar in Home Page " duration-ms="8613" started-at="2020-04-22T17:45:46 IST" finished-at="2020-04-22T17:45:54 IST">
      <class name="academy.HomePageTest">
        <test-method status="PASS" signature="LaunchURL()[pri:0, instance:academy.HomePageTest@2353b3e6]" name="LaunchURL" is-config="true" duration-ms="8215" started-at="2020-04-22T17:45:46 IST" finished-at="2020-04-22T17:45:54 IST">
          <reporter-output>
          </reporter-output>
        </test-method> <!-- LaunchURL -->
        <test-method status="PASS" signature="validateNavigationBar()[pri:0, instance:academy.HomePageTest@2353b3e6]" name="validateNavigationBar" duration-ms="219" started-at="2020-04-22T17:45:54 IST" finished-at="2020-04-22T17:45:54 IST">
          <reporter-output>
          </reporter-output>
        </test-method> <!-- validateNavigationBar -->
        <test-method status="PASS" signature="validateNavigations()[pri:0, instance:academy.HomePageTest@2353b3e6]" name="validateNavigations" duration-ms="68" started-at="2020-04-22T17:45:54 IST" finished-at="2020-04-22T17:45:54 IST">
          <reporter-output>
          </reporter-output>
        </test-method> <!-- validateNavigations -->
        <test-method status="PASS" signature="tearDown()[pri:0, instance:academy.HomePageTest@2353b3e6]" name="tearDown" is-config="true" duration-ms="108" started-at="2020-04-22T17:45:54 IST" finished-at="2020-04-22T17:45:54 IST">
          <reporter-output>
          </reporter-output>
        </test-method> <!-- tearDown -->
      </class> <!-- academy.HomePageTest -->
    </test> <!-- Validating Navigation Bar in Home Page  -->
    <test name="Validating Title in Home Page" duration-ms="10567" started-at="2020-04-22T17:45:54 IST" finished-at="2020-04-22T17:46:05 IST">
      <class name="academy.ValidateTitle">
        <test-method status="PASS" signature="LaunchURL()[pri:0, instance:academy.ValidateTitle@1a1d6a08]" name="LaunchURL" is-config="true" duration-ms="9356" started-at="2020-04-22T17:45:54 IST" finished-at="2020-04-22T17:46:04 IST">
          <reporter-output>
          </reporter-output>
        </test-method> <!-- LaunchURL -->
        <test-method status="FAIL" signature="validateTitle()[pri:0, instance:academy.ValidateTitle@1a1d6a08]" name="validateTitle" duration-ms="337" started-at="2020-04-22T17:46:04 IST" finished-at="2020-04-22T17:46:04 IST">
          <exception class="java.lang.AssertionError">
            <message>
              <![CDATA[expected [FEATURED COURSES123] but found [FEATURED COURSES]]]>
            </message>
            <full-stacktrace>
              <![CDATA[java.lang.AssertionError: expected [FEATURED COURSES123] but found [FEATURED COURSES]
at org.testng.Assert.fail(Assert.java:97)
at org.testng.Assert.assertEqualsImpl(Assert.java:136)
at org.testng.Assert.assertEquals(Assert.java:118)
at org.testng.Assert.assertEquals(Assert.java:575)
at org.testng.Assert.assertEquals(Assert.java:585)
at academy.ValidateTitle.validateTitle(ValidateTitle.java:30)
at sun.reflect.NativeMethodAccessorImpl.invoke0(Native Method)
at sun.reflect.NativeMethodAccessorImpl.invoke(NativeMethodAccessorImpl.java:62)
at sun.reflect.DelegatingMethodAccessorImpl.invoke(DelegatingMethodAccessorImpl.java:43)
at java.lang.reflect.Method.invoke(Method.java:498)
at org.testng.internal.MethodInvocationHelper.invokeMethod(MethodInvocationHelper.java:135)
at org.testng.internal.TestInvoker.invokeMethod(TestInvoker.java:598)
at org.testng.internal.TestInvoker.invokeTestMethod(TestInvoker.java:174)
at org.testng.internal.MethodRunner.runInSequence(MethodRunner.java:46)
at org.testng.internal.TestInvoker$MethodInvocationAgent.invoke(TestInvoker.java:821)
at org.testng.internal.TestInvoker.invokeTestMethods(TestInvoker.java:147)
at org.testng.internal.TestMethodWorker.invokeTestMethods(TestMethodWorker.java:146)
at org.testng.internal.TestMethodWorker.run(TestMethodWorker.java:128)
at java.util.ArrayList.forEach(ArrayList.java:1257)
at org.testng.TestRunner.privateRun(TestRunner.java:767)
at org.testng.TestRunner.run(TestRunner.java:588)
at org.testng.SuiteRunner.runTest(SuiteRunner.java:384)
at org.testng.SuiteRunner.runSequentially(SuiteRunner.java:378)
at org.testng.SuiteRunner.privateRun(SuiteRunner.java:337)
at org.testng.SuiteRunner.run(SuiteRunner.java:286)
at org.testng.SuiteRunnerWorker.runSuite(SuiteRunnerWorker.java:53)
at org.testng.SuiteRunnerWorker.run(SuiteRunnerWorker.java:96)
at org.testng.TestNG.runSuitesSequentially(TestNG.java:1214)
at org.testng.TestNG.runSuitesLocally(TestNG.java:1136)
at org.testng.TestNG.runSuites(TestNG.java:1066)
at org.testng.TestNG.run(TestNG.java:1034)
at org.testng.remote.AbstractRemoteTestNG.run(AbstractRemoteTestNG.java:115)
at org.testng.remote.RemoteTestNG.initAndRun(RemoteTestNG.java:251)
at org.testng.remote.RemoteTestNG.main(RemoteTestNG.java:77)
]]>
            </full-stacktrace>
          </exception> <!-- java.lang.AssertionError -->
          <reporter-output>
          </reporter-output>
        </test-method> <!-- validateTitle -->
        <test-method status="PASS" signature="tearDown()[pri:0, instance:academy.ValidateTitle@1a1d6a08]" name="tearDown" is-config="true" duration-ms="137" started-at="2020-04-22T17:46:05 IST" finished-at="2020-04-22T17:46:05 IST">
          <reporter-output>
          </reporter-output>
        </test-method> <!-- tearDown -->
      </class> <!-- academy.ValidateTitle -->
    </test> <!-- Validating Title in Home Page -->
  </suite> <!-- Suite -->
</testng-results>
